<?xml version="1.0" encoding="UTF-8"?>
<robot generator="Robot 3.1.2 (Python 3.8.5 on linux)" generated="20201218 15:07:43.444" rpa="false">
<suite id="s1" name="Syaanh-Client1" source="/home/rabeb/Repo/syaanh-client1">
<suite id="s1-s1" name="Tests" source="/home/rabeb/Repo/syaanh-client1/Tests">
<suite id="s1-s1-s1" name="Language" source="/home/rabeb/Repo/syaanh-client1/Tests/language">
<suite id="s1-s1-s1-s1" name="Language" source="/home/rabeb/Repo/syaanh-client1/Tests/language/Language.robot">
<test id="s1-s1-s1-s1-t1" name="Language">
<kw name="Open Syaanh Website" library="Home">
<kw name="Start Application" library="Common">
<kw name="Open Browser" library="SeleniumLibrary">
<doc>Opens a new browser instance to the optional ``url``.</doc>
<arguments>
<arg>${Website_URL}</arg>
<arg>${BROWSER}</arg>
</arguments>
<msg timestamp="20201218 15:07:43.567" level="INFO">Opening browser 'chrome' to base url 'https://dev.syaanh.com'.</msg>
<status status="PASS" starttime="20201218 15:07:43.567" endtime="20201218 15:08:04.627"></status>
</kw>
<kw name="Set Window Size" library="SeleniumLibrary">
<doc>Sets current windows size to given ``width`` and ``height``.</doc>
<arguments>
<arg>1600</arg>
<arg>1200</arg>
</arguments>
<status status="PASS" starttime="20201218 15:08:04.628" endtime="20201218 15:08:04.746"></status>
</kw>
<kw name="Set Selenium Speed" library="SeleniumLibrary">
<doc>Sets the delay that is waited after each Selenium command.</doc>
<arguments>
<arg>${DELAY}</arg>
</arguments>
<status status="PASS" starttime="20201218 15:08:04.746" endtime="20201218 15:08:04.747"></status>
</kw>
<status status="PASS" starttime="20201218 15:07:43.567" endtime="20201218 15:08:04.748"></status>
</kw>
<kw name="Title Should Be" library="SeleniumLibrary">
<doc>Verifies that the current page title equals ``title``.</doc>
<arguments>
<arg>Home</arg>
</arguments>
<msg timestamp="20201218 15:08:05.057" level="INFO">Page title is 'Home'.</msg>
<status status="PASS" starttime="20201218 15:08:04.748" endtime="20201218 15:08:05.057"></status>
</kw>
<status status="PASS" starttime="20201218 15:07:43.566" endtime="20201218 15:08:05.058"></status>
</kw>
<kw name="Delete Pop-Up" library="Home">
<kw name="Check pop-up" library="Common">
<arguments>
<arg>${Popup_title}</arg>
</arguments>
<kw name="Element Should Be Visible" library="SeleniumLibrary">
<doc>Verifies that the element identified by ``locator`` is visible.</doc>
<arguments>
<arg>//div//h3[contains(text(), "${title}")]</arg>
</arguments>
<msg timestamp="20201218 15:08:05.702" level="INFO">Element '//div//h3[contains(text(), "Syaanh")]' is displayed.</msg>
<status status="PASS" starttime="20201218 15:08:05.060" endtime="20201218 15:08:05.702"></status>
</kw>
<status status="PASS" starttime="20201218 15:08:05.059" endtime="20201218 15:08:05.703"></status>
</kw>
<kw name="Close pop-up" library="Common">
<arguments>
<arg>${Popup_title}</arg>
</arguments>
<kw name="Element Should Be Visible" library="SeleniumLibrary">
<doc>Verifies that the element identified by ``locator`` is visible.</doc>
<arguments>
<arg>//div//h3[contains(text(), "${title}")]</arg>
</arguments>
<msg timestamp="20201218 15:08:06.338" level="INFO">Element '//div//h3[contains(text(), "Syaanh")]' is displayed.</msg>
<status status="PASS" starttime="20201218 15:08:05.704" endtime="20201218 15:08:06.338"></status>
</kw>
<kw name="Click Element" library="SeleniumLibrary">
<doc>Click the element identified by ``locator``.</doc>
<arguments>
<arg>//div//h3[contains(text(), "${title}")]//..//button</arg>
</arguments>
<msg timestamp="20201218 15:08:06.340" level="INFO">Clicking element '//div//h3[contains(text(), "Syaanh")]//..//button'.</msg>
<status status="PASS" starttime="20201218 15:08:06.339" endtime="20201218 15:08:07.008"></status>
</kw>
<kw name="Wait Until Element Is Not Visible" library="SeleniumLibrary">
<doc>Waits until the element ``locator`` is not visible.</doc>
<arguments>
<arg>//div//h3[contains(text(), "${title}")]</arg>
</arguments>
<status status="PASS" starttime="20201218 15:08:07.009" endtime="20201218 15:08:07.653"></status>
</kw>
<status status="PASS" starttime="20201218 15:08:05.703" endtime="20201218 15:08:07.654"></status>
</kw>
<status status="PASS" starttime="20201218 15:08:05.058" endtime="20201218 15:08:07.654"></status>
</kw>
<kw name="Login" library="Home">
<kw name="Click Element" library="SeleniumLibrary">
<doc>Click the element identified by ``locator``.</doc>
<arguments>
<arg>${Login}</arg>
</arguments>
<msg timestamp="20201218 15:08:07.656" level="INFO">Clicking element '//div[@id="nav_lang_link"]//..//span[contains(text(), "Login")]'.</msg>
<status status="PASS" starttime="20201218 15:08:07.656" endtime="20201218 15:08:08.332"></status>
</kw>
<kw name="Fill up form Login" library="Common">
<arguments>
<arg>${Mobile_login}</arg>
<arg>${Password_login}</arg>
</arguments>
<kw name="Wait Until Element Is Visible" library="SeleniumLibrary">
<doc>Waits until the element ``locator`` is visible.</doc>
<arguments>
<arg>//div[contains(text(), "Login")]</arg>
</arguments>
<status status="PASS" starttime="20201218 15:08:08.334" endtime="20201218 15:08:08.975"></status>
</kw>
<kw name="Input Text" library="SeleniumLibrary">
<doc>Types the given ``text`` into the text field identified by ``locator``.</doc>
<arguments>
<arg>//input[@id="mobile_or_email"]</arg>
<arg>${mobile}</arg>
</arguments>
<msg timestamp="20201218 15:08:08.976" level="INFO">Typing text '31003167' into text field '//input[@id="mobile_or_email"]'.</msg>
<status status="PASS" starttime="20201218 15:08:08.975" endtime="20201218 15:08:09.991"></status>
</kw>
<kw name="Input Text" library="SeleniumLibrary">
<doc>Types the given ``text`` into the text field identified by ``locator``.</doc>
<arguments>
<arg>//input[@id="login_password"]</arg>
<arg>${password}</arg>
</arguments>
<msg timestamp="20201218 15:08:09.993" level="INFO">Typing text '12345678' into text field '//input[@id="login_password"]'.</msg>
<status status="PASS" starttime="20201218 15:08:09.992" endtime="20201218 15:08:11.002"></status>
</kw>
<status status="PASS" starttime="20201218 15:08:08.333" endtime="20201218 15:08:11.003"></status>
</kw>
<kw name="Click Button" library="SeleniumLibrary">
<doc>Clicks the button identified by ``locator``.</doc>
<arguments>
<arg>${Button_login}</arg>
</arguments>
<msg timestamp="20201218 15:08:11.005" level="INFO">Clicking button '//div//button//span[contains(text(),"Login")]/..'.</msg>
<status status="PASS" starttime="20201218 15:08:11.004" endtime="20201218 15:08:12.595"></status>
</kw>
<kw name="Wait Until Element Is Not Visible" library="SeleniumLibrary">
<doc>Waits until the element ``locator`` is not visible.</doc>
<arguments>
<arg>${Popup_login}</arg>
</arguments>
<status status="PASS" starttime="20201218 15:08:12.596" endtime="20201218 15:08:26.890"></status>
</kw>
<status status="PASS" starttime="20201218 15:08:07.655" endtime="20201218 15:08:26.890"></status>
</kw>
<kw name="Change language" library="Common">
<arguments>
<arg>${Arabic}</arg>
</arguments>
<kw name="Click Element" library="SeleniumLibrary">
<doc>Click the element identified by ``locator``.</doc>
<arguments>
<arg>id:for_lang_drop</arg>
</arguments>
<msg timestamp="20201218 15:08:26.893" level="INFO">Clicking element 'id:for_lang_drop'.</msg>
<status status="PASS" starttime="20201218 15:08:26.892" endtime="20201218 15:08:27.568"></status>
</kw>
<kw name="Click Element" library="SeleniumLibrary">
<doc>Click the element identified by ``locator``.</doc>
<arguments>
<arg>//a[@class="dropdown-item" and @href="https://dev.syaanh.com/ar"]</arg>
</arguments>
<msg timestamp="20201218 15:08:27.569" level="INFO">Clicking element '//a[@class="dropdown-item" and @href="https://dev.syaanh.com/ar"]'.</msg>
<status status="PASS" starttime="20201218 15:08:27.569" endtime="20201218 15:08:41.064"></status>
</kw>
<kw name="Wait Until Element Is Visible" library="SeleniumLibrary">
<doc>Waits until the element ``locator`` is visible.</doc>
<arguments>
<arg>//div[2]//a[contains(text(), "صيانة")]</arg>
</arguments>
<status status="PASS" starttime="20201218 15:08:41.064" endtime="20201218 15:08:41.706"></status>
</kw>
<status status="PASS" starttime="20201218 15:08:26.891" endtime="20201218 15:08:41.706"></status>
</kw>
<kw name="Close All Browsers" library="SeleniumLibrary" type="teardown">
<doc>Closes all open browsers and resets the browser cache.</doc>
<status status="PASS" starttime="20201218 15:08:41.707" endtime="20201218 15:08:42.428"></status>
</kw>
<tags>
<tag>sy</tag>
<tag>UI</tag>
</tags>
<status status="PASS" starttime="20201218 15:07:43.565" endtime="20201218 15:08:42.428" critical="yes"></status>
</test>
<status status="PASS" starttime="20201218 15:07:43.475" endtime="20201218 15:08:42.429"></status>
</suite>
<status status="PASS" starttime="20201218 15:07:43.473" endtime="20201218 15:08:42.433"></status>
</suite>
<status status="PASS" starttime="20201218 15:07:43.472" endtime="20201218 15:08:42.435"></status>
</suite>
<status status="PASS" starttime="20201218 15:07:43.457" endtime="20201218 15:08:42.437"></status>
</suite>
<statistics>
<total>
<stat pass="1" fail="0">Critical Tests</stat>
<stat pass="1" fail="0">All Tests</stat>
</total>
<tag>
<stat pass="1" fail="0">sy</stat>
<stat pass="1" fail="0">UI</stat>
</tag>
<suite>
<stat pass="1" fail="0" id="s1" name="Syaanh-Client1">Syaanh-Client1</stat>
<stat pass="1" fail="0" id="s1-s1" name="Tests">Syaanh-Client1.Tests</stat>
<stat pass="1" fail="0" id="s1-s1-s1" name="Language">Syaanh-Client1.Tests.Language</stat>
<stat pass="1" fail="0" id="s1-s1-s1-s1" name="Language">Syaanh-Client1.Tests.Language.Language</stat>
</suite>
</statistics>
<errors>
</errors>
</robot>
