<?xml version="1.0" encoding="UTF-8"?>
<robot generator="Robot 3.1.2 (Python 3.8.5 on linux)" generated="20201230 17:03:39.281" rpa="false">
<suite id="s1" name="Syaanh-Client" source="/home/rabeb/Repo/syaanh-client">
<suite id="s1-s1" name="Tests" source="/home/rabeb/Repo/syaanh-client/Tests">
<suite id="s1-s1-s1" name="Verify minus and plus button" source="/home/rabeb/Repo/syaanh-client/Tests/Verify minus and plus button ">
<suite id="s1-s1-s1-s1" name="Verify minus and plus button" source="/home/rabeb/Repo/syaanh-client/Tests/Verify minus and plus button /Verify minus and plus button .robot">
<test id="s1-s1-s1-s1-t1" name="verify minus and plus button">
<kw name="Open Syaanh Website" library="Home">
<kw name="Start Application" library="Common">
<kw name="Open Browser" library="SeleniumLibrary">
<doc>Opens a new browser instance to the optional ``url``.</doc>
<arguments>
<arg>${Website_URL}</arg>
<arg>${BROWSER}</arg>
</arguments>
<msg timestamp="20201230 17:03:39.414" level="INFO">Opening browser 'chrome' to base url 'https://dev.syaanh.com'.</msg>
<status status="PASS" starttime="20201230 17:03:39.414" endtime="20201230 17:04:33.466"></status>
</kw>
<kw name="Set Window Size" library="SeleniumLibrary">
<doc>Sets current windows size to given ``width`` and ``height``.</doc>
<arguments>
<arg>1600</arg>
<arg>1200</arg>
</arguments>
<status status="PASS" starttime="20201230 17:04:33.467" endtime="20201230 17:04:33.589"></status>
</kw>
<kw name="Set Selenium Speed" library="SeleniumLibrary">
<doc>Sets the delay that is waited after each Selenium command.</doc>
<arguments>
<arg>${DELAY}</arg>
</arguments>
<status status="PASS" starttime="20201230 17:04:33.589" endtime="20201230 17:04:33.590"></status>
</kw>
<status status="PASS" starttime="20201230 17:03:39.413" endtime="20201230 17:04:33.590"></status>
</kw>
<kw name="Title Should Be" library="SeleniumLibrary">
<doc>Verifies that the current page title equals ``title``.</doc>
<arguments>
<arg>Home</arg>
</arguments>
<msg timestamp="20201230 17:04:33.899" level="INFO">Page title is 'Home'.</msg>
<status status="PASS" starttime="20201230 17:04:33.591" endtime="20201230 17:04:33.899"></status>
</kw>
<status status="PASS" starttime="20201230 17:03:39.412" endtime="20201230 17:04:33.900"></status>
</kw>
<kw name="Delete Pop-Up" library="Home">
<kw name="Check pop-up" library="Common">
<arguments>
<arg>${Popup_title}</arg>
</arguments>
<kw name="Element Should Be Visible" library="SeleniumLibrary">
<doc>Verifies that the element identified by ``locator`` is visible.</doc>
<arguments>
<arg>//div//h3[contains(text(), "${title}")]</arg>
</arguments>
<msg timestamp="20201230 17:04:34.543" level="INFO">Element '//div//h3[contains(text(), "Syaanh")]' is displayed.</msg>
<status status="PASS" starttime="20201230 17:04:33.903" endtime="20201230 17:04:34.544"></status>
</kw>
<status status="PASS" starttime="20201230 17:04:33.902" endtime="20201230 17:04:34.545"></status>
</kw>
<kw name="Close pop-up" library="Common">
<arguments>
<arg>${Popup_title}</arg>
</arguments>
<kw name="Element Should Be Visible" library="SeleniumLibrary">
<doc>Verifies that the element identified by ``locator`` is visible.</doc>
<arguments>
<arg>//div//h3[contains(text(), "${title}")]</arg>
</arguments>
<msg timestamp="20201230 17:04:35.178" level="INFO">Element '//div//h3[contains(text(), "Syaanh")]' is displayed.</msg>
<status status="PASS" starttime="20201230 17:04:34.546" endtime="20201230 17:04:35.178"></status>
</kw>
<kw name="Click Element" library="SeleniumLibrary">
<doc>Click the element identified by ``locator``.</doc>
<arguments>
<arg>//div//h3[contains(text(), "${title}")]//..//button</arg>
</arguments>
<msg timestamp="20201230 17:04:35.180" level="INFO">Clicking element '//div//h3[contains(text(), "Syaanh")]//..//button'.</msg>
<status status="PASS" starttime="20201230 17:04:35.179" endtime="20201230 17:04:35.845"></status>
</kw>
<kw name="Wait Until Element Is Not Visible" library="SeleniumLibrary">
<doc>Waits until the element ``locator`` is not visible.</doc>
<arguments>
<arg>//div//h3[contains(text(), "${title}")]</arg>
</arguments>
<status status="PASS" starttime="20201230 17:04:35.846" endtime="20201230 17:04:36.488"></status>
</kw>
<status status="PASS" starttime="20201230 17:04:34.545" endtime="20201230 17:04:36.488"></status>
</kw>
<status status="PASS" starttime="20201230 17:04:33.901" endtime="20201230 17:04:36.489"></status>
</kw>
<kw name="Login" library="Home">
<kw name="Click Element" library="SeleniumLibrary">
<doc>Click the element identified by ``locator``.</doc>
<arguments>
<arg>${Login}</arg>
</arguments>
<msg timestamp="20201230 17:04:36.490" level="INFO">Clicking element '//span[@class="nav-link-login"]'.</msg>
<status status="PASS" starttime="20201230 17:04:36.490" endtime="20201230 17:04:37.158"></status>
</kw>
<kw name="Fill up form Login" library="Common">
<arguments>
<arg>${Mobile_login}</arg>
<arg>${Password_login}</arg>
</arguments>
<kw name="Wait Until Element Is Visible" library="SeleniumLibrary">
<doc>Waits until the element ``locator`` is visible.</doc>
<arguments>
<arg>//div[contains(text(), "Login")]</arg>
</arguments>
<status status="PASS" starttime="20201230 17:04:37.160" endtime="20201230 17:04:37.796"></status>
</kw>
<kw name="Input Text" library="SeleniumLibrary">
<doc>Types the given ``text`` into the text field identified by ``locator``.</doc>
<arguments>
<arg>//input[@id="mobile_or_email"]</arg>
<arg>${mobile}</arg>
</arguments>
<msg timestamp="20201230 17:04:37.797" level="INFO">Typing text '31003167' into text field '//input[@id="mobile_or_email"]'.</msg>
<status status="PASS" starttime="20201230 17:04:37.796" endtime="20201230 17:04:38.814"></status>
</kw>
<kw name="Input Text" library="SeleniumLibrary">
<doc>Types the given ``text`` into the text field identified by ``locator``.</doc>
<arguments>
<arg>//input[@id="login_password"]</arg>
<arg>${password}</arg>
</arguments>
<msg timestamp="20201230 17:04:38.816" level="INFO">Typing text '12345678' into text field '//input[@id="login_password"]'.</msg>
<status status="PASS" starttime="20201230 17:04:38.815" endtime="20201230 17:04:39.823"></status>
</kw>
<status status="PASS" starttime="20201230 17:04:37.159" endtime="20201230 17:04:39.824"></status>
</kw>
<kw name="Click Button" library="SeleniumLibrary">
<doc>Clicks the button identified by ``locator``.</doc>
<arguments>
<arg>${Button_login}</arg>
</arguments>
<msg timestamp="20201230 17:04:39.825" level="INFO">Clicking button '//*[@class="user-login" and @type="button"]'.</msg>
<status status="PASS" starttime="20201230 17:04:39.824" endtime="20201230 17:04:41.412"></status>
</kw>
<kw name="Wait Until Element Is Not Visible" library="SeleniumLibrary">
<doc>Waits until the element ``locator`` is not visible.</doc>
<arguments>
<arg>${Popup_login}</arg>
<arg>6s</arg>
</arguments>
<status status="PASS" starttime="20201230 17:04:41.412" endtime="20201230 17:05:10.732"></status>
</kw>
<status status="PASS" starttime="20201230 17:04:36.489" endtime="20201230 17:05:10.733"></status>
</kw>
<kw name="Verify plus button" library="Common">
<kw name="Click Element" library="SeleniumLibrary">
<doc>Click the element identified by ``locator``.</doc>
<arguments>
<arg>//*[@class="basket-items_count"]</arg>
</arguments>
<msg timestamp="20201230 17:05:10.735" level="INFO">Clicking element '//*[@class="basket-items_count"]'.</msg>
<status status="PASS" starttime="20201230 17:05:10.735" endtime="20201230 17:05:26.420"></status>
</kw>
<kw name="Wait Until Element Is Visible" library="SeleniumLibrary">
<doc>Waits until the element ``locator`` is visible.</doc>
<arguments>
<arg>//*[@class="main-container-two"]/h1</arg>
<arg>4s</arg>
</arguments>
<status status="PASS" starttime="20201230 17:05:26.421" endtime="20201230 17:05:27.060"></status>
</kw>
<kw name="Get Text" library="SeleniumLibrary">
<doc>Returns the text value of the element identified by ``locator``.</doc>
<arguments>
<arg>//*[@class="product-price product-price-total_1"]</arg>
</arguments>
<assign>
<var>${var1}</var>
</assign>
<msg timestamp="20201230 17:05:27.701" level="INFO">${var1} = 1080</msg>
<status status="PASS" starttime="20201230 17:05:27.061" endtime="20201230 17:05:27.701"></status>
</kw>
<kw name="Double Click Element" library="SeleniumLibrary">
<doc>Double clicks the element identified by ``locator``.</doc>
<arguments>
<arg>//*[@data-plus-id="1"]</arg>
</arguments>
<msg timestamp="20201230 17:05:27.703" level="INFO">Double clicking element '//*[@data-plus-id="1"]'.</msg>
<status status="PASS" starttime="20201230 17:05:27.702" endtime="20201230 17:05:28.621"></status>
</kw>
<kw name="Reload Page" library="SeleniumLibrary">
<doc>Simulates user reloading page.</doc>
<status status="PASS" starttime="20201230 17:05:28.622" endtime="20201230 17:05:28.939"></status>
</kw>
<kw name="Get Text" library="SeleniumLibrary">
<doc>Returns the text value of the element identified by ``locator``.</doc>
<arguments>
<arg>//*[@class="product-price product-price-total_1"]</arg>
</arguments>
<assign>
<var>${var2}</var>
</assign>
<msg timestamp="20201230 17:05:41.148" level="INFO">${var2} = 1200</msg>
<status status="PASS" starttime="20201230 17:05:28.940" endtime="20201230 17:05:41.149"></status>
</kw>
<kw name="Should Not Be Equal" library="BuiltIn">
<doc>Fails if the given objects are equal.</doc>
<arguments>
<arg>${var1}</arg>
<arg>${var2}</arg>
</arguments>
<status status="PASS" starttime="20201230 17:05:41.149" endtime="20201230 17:05:41.150"></status>
</kw>
<kw name="Double Click Element" library="SeleniumLibrary">
<doc>Double clicks the element identified by ``locator``.</doc>
<arguments>
<arg>//*[@data-minus-id="1"]</arg>
</arguments>
<msg timestamp="20201230 17:05:41.151" level="INFO">Double clicking element '//*[@data-minus-id="1"]'.</msg>
<status status="PASS" starttime="20201230 17:05:41.151" endtime="20201230 17:05:42.075"></status>
</kw>
<kw name="Reload Page" library="SeleniumLibrary">
<doc>Simulates user reloading page.</doc>
<status status="PASS" starttime="20201230 17:05:42.075" endtime="20201230 17:05:42.390"></status>
</kw>
<kw name="Get Text" library="SeleniumLibrary">
<doc>Returns the text value of the element identified by ``locator``.</doc>
<arguments>
<arg>//*[@class="product-price product-price-total_1"]</arg>
</arguments>
<assign>
<var>${var3}</var>
</assign>
<msg timestamp="20201230 17:05:53.640" level="INFO">${var3} = 1080</msg>
<status status="PASS" starttime="20201230 17:05:42.391" endtime="20201230 17:05:53.640"></status>
</kw>
<kw name="Should Not Be Equal" library="BuiltIn">
<doc>Fails if the given objects are equal.</doc>
<arguments>
<arg>${var2}</arg>
<arg>${var3}</arg>
</arguments>
<status status="PASS" starttime="20201230 17:05:53.641" endtime="20201230 17:05:53.642"></status>
</kw>
<status status="PASS" starttime="20201230 17:05:10.733" endtime="20201230 17:05:53.642"></status>
</kw>
<kw name="Close All Browsers" library="SeleniumLibrary" type="teardown">
<doc>Closes all open browsers and resets the browser cache.</doc>
<status status="PASS" starttime="20201230 17:05:53.643" endtime="20201230 17:05:53.999"></status>
</kw>
<tags>
<tag>sy</tag>
<tag>UI</tag>
</tags>
<status status="PASS" starttime="20201230 17:03:39.412" endtime="20201230 17:05:54.000" critical="yes"></status>
</test>
<status status="PASS" starttime="20201230 17:03:39.315" endtime="20201230 17:05:54.002"></status>
</suite>
<status status="PASS" starttime="20201230 17:03:39.314" endtime="20201230 17:05:54.005"></status>
</suite>
<status status="PASS" starttime="20201230 17:03:39.312" endtime="20201230 17:05:54.007"></status>
</suite>
<status status="PASS" starttime="20201230 17:03:39.297" endtime="20201230 17:05:54.009"></status>
</suite>
<statistics>
<total>
<stat pass="1" fail="0">Critical Tests</stat>
<stat pass="1" fail="0">All Tests</stat>
</total>
<tag>
<stat pass="1" fail="0">sy</stat>
<stat pass="1" fail="0">UI</stat>
</tag>
<suite>
<stat pass="1" fail="0" id="s1" name="Syaanh-Client">Syaanh-Client</stat>
<stat pass="1" fail="0" id="s1-s1" name="Tests">Syaanh-Client.Tests</stat>
<stat pass="1" fail="0" id="s1-s1-s1" name="Verify minus and plus button">Syaanh-Client.Tests.Verify minus and plus button</stat>
<stat pass="1" fail="0" id="s1-s1-s1-s1" name="Verify minus and plus button">Syaanh-Client.Tests.Verify minus and plus button.Verify minus and plus button</stat>
</suite>
</statistics>
<errors>
<msg timestamp="20201230 17:03:39.321" level="WARN">Collapsing consecutive whitespace during parsing is deprecated. Fix ' #' in file '/home/rabeb/Repo/syaanh-client/PageObjects/Common.robot' on line 221.</msg>
</errors>
</robot>
